<?xml version="1.0" encoding="UTF-8"?>
<!-- Generated by org.testng.reporters.JUnitXMLReporter -->
<testsuite ignored="0" hostname="DFW22AAA081819" failures="0" tests="3" name="Test" time="0.706" errors="0" timestamp="2021-10-11T16:34:54 CDT">
  <testcase classname="fileReading.MultiThreadingReadingFiles" name="readFile" time="0.019"/>
  <testcase classname="fileReading.MultiThreadingReadingFiles" name="readFile" time="0.015"/>
  <testcase classname="fileReading.MultiThreadingReadingFiles" name="readFile" time="0.02"/>
</testsuite> <!-- Test -->
