<?xml version="1.0" encoding="UTF-8"?>
<testng-results ignored="0" total="3" passed="3" failed="0" skipped="0">
  <reporter-output>
  </reporter-output>
  <suite started-at="2021-10-11T16:34:53 CDT" name="Suite" finished-at="2021-10-11T16:34:54 CDT" duration-ms="706">
    <groups>
    </groups>
    <test started-at="2021-10-11T16:34:53 CDT" name="Test" finished-at="2021-10-11T16:34:54 CDT" duration-ms="706">
      <class name="fileReading.MultiThreadingReadingFiles">
        <test-method signature="readFile(java.lang.String)[pri:0, instance:fileReading.MultiThreadingReadingFiles@662b4c69]" started-at="2021-10-11T16:34:54 CDT" name="readFile" data-provider="readFilePath" finished-at="2021-10-11T16:34:54 CDT" duration-ms="20" status="PASS">
          <params>
            <param index="0">
              <value>
                <![CDATA[./sample1.txt]]>
              </value>
            </param>
          </params>
          <reporter-output>
          </reporter-output>
        </test-method> <!-- readFile -->
        <test-method signature="readFile(java.lang.String)[pri:0, instance:fileReading.MultiThreadingReadingFiles@662b4c69]" started-at="2021-10-11T16:34:54 CDT" name="readFile" data-provider="readFilePath" finished-at="2021-10-11T16:34:54 CDT" duration-ms="15" status="PASS">
          <params>
            <param index="0">
              <value>
                <![CDATA[./sample2.txt]]>
              </value>
            </param>
          </params>
          <reporter-output>
          </reporter-output>
        </test-method> <!-- readFile -->
        <test-method signature="readFile(java.lang.String)[pri:0, instance:fileReading.MultiThreadingReadingFiles@662b4c69]" started-at="2021-10-11T16:34:54 CDT" name="readFile" data-provider="readFilePath" finished-at="2021-10-11T16:34:54 CDT" duration-ms="19" status="PASS">
          <params>
            <param index="0">
              <value>
                <![CDATA[./sample3.txt]]>
              </value>
            </param>
          </params>
          <reporter-output>
          </reporter-output>
        </test-method> <!-- readFile -->
        <test-method is-config="true" signature="printTotal()[pri:0, instance:fileReading.MultiThreadingReadingFiles@662b4c69]" started-at="2021-10-11T16:34:54 CDT" name="printTotal" finished-at="2021-10-11T16:34:54 CDT" duration-ms="0" status="PASS">
          <reporter-output>
          </reporter-output>
        </test-method> <!-- printTotal -->
      </class> <!-- fileReading.MultiThreadingReadingFiles -->
    </test> <!-- Test -->
  </suite> <!-- Suite -->
</testng-results>
